{"/Users/naina/Desktop/React Projects/src/components/Body.jsx": {"path":"/Users/naina/Desktop/React Projects/src/components/Body.jsx","statementMap":{"0":{"start":{"line":7,"column":13},"end":{"line":65,"column":1}},"1":{"start":{"line":8,"column":40},"end":{"line":8,"column":52}},"2":{"start":{"line":9,"column":54},"end":{"line":9,"column":66}},"3":{"start":{"line":10,"column":42},"end":{"line":10,"column":54}},"4":{"start":{"line":12,"column":21},"end":{"line":12,"column":38}},"5":{"start":{"line":14,"column":35},"end":{"line":14,"column":66}},"6":{"start":{"line":16,"column":4},"end":{"line":18,"column":11}},"7":{"start":{"line":17,"column":8},"end":{"line":17,"column":20}},"8":{"start":{"line":20,"column":22},"end":{"line":27,"column":5}},"9":{"start":{"line":21,"column":21},"end":{"line":21,"column":179}},"10":{"start":{"line":22,"column":21},"end":{"line":22,"column":38}},"11":{"start":{"line":25,"column":8},"end":{"line":25,"column":105}},"12":{"start":{"line":26,"column":8},"end":{"line":26,"column":99}},"13":{"start":{"line":29,"column":4},"end":{"line":29,"column":96}},"14":{"start":{"line":29,"column":18},"end":{"line":29,"column":96}},"15":{"start":{"line":31,"column":4},"end":{"line":64,"column":5}},"16":{"start":{"line":36,"column":24},"end":{"line":36,"column":54}},"17":{"start":{"line":39,"column":24},"end":{"line":39,"column":48}},"18":{"start":{"line":40,"column":39},"end":{"line":40,"column":138}},"19":{"start":{"line":40,"column":74},"end":{"line":40,"column":136}},"20":{"start":{"line":41,"column":24},"end":{"line":41,"column":47}},"21":{"start":{"line":46,"column":41},"end":{"line":46,"column":100}},"22":{"start":{"line":46,"column":75},"end":{"line":46,"column":99}},"23":{"start":{"line":47,"column":20},"end":{"line":47,"column":55}},"24":{"start":{"line":54,"column":24},"end":{"line":59,"column":37}}},"fnMap":{"0":{"name":"(anonymous_0)","decl":{"start":{"line":7,"column":13},"end":{"line":7,"column":14}},"loc":{"start":{"line":7,"column":19},"end":{"line":65,"column":1}},"line":7},"1":{"name":"(anonymous_1)","decl":{"start":{"line":16,"column":14},"end":{"line":16,"column":15}},"loc":{"start":{"line":16,"column":20},"end":{"line":18,"column":5}},"line":16},"2":{"name":"(anonymous_2)","decl":{"start":{"line":20,"column":22},"end":{"line":20,"column":23}},"loc":{"start":{"line":20,"column":34},"end":{"line":27,"column":5}},"line":20},"3":{"name":"(anonymous_3)","decl":{"start":{"line":35,"column":114},"end":{"line":35,"column":115}},"loc":{"start":{"line":35,"column":121},"end":{"line":37,"column":21}},"line":35},"4":{"name":"(anonymous_4)","decl":{"start":{"line":38,"column":108},"end":{"line":38,"column":109}},"loc":{"start":{"line":38,"column":114},"end":{"line":42,"column":21}},"line":38},"5":{"name":"(anonymous_5)","decl":{"start":{"line":40,"column":64},"end":{"line":40,"column":65}},"loc":{"start":{"line":40,"column":74},"end":{"line":40,"column":136}},"line":40},"6":{"name":"(anonymous_6)","decl":{"start":{"line":45,"column":99},"end":{"line":45,"column":100}},"loc":{"start":{"line":45,"column":105},"end":{"line":48,"column":17}},"line":45},"7":{"name":"(anonymous_7)","decl":{"start":{"line":46,"column":66},"end":{"line":46,"column":67}},"loc":{"start":{"line":46,"column":75},"end":{"line":46,"column":99}},"line":46},"8":{"name":"(anonymous_8)","decl":{"start":{"line":53,"column":33},"end":{"line":53,"column":34}},"loc":{"start":{"line":54,"column":24},"end":{"line":59,"column":37}},"line":54}},"branchMap":{"0":{"loc":{"start":{"line":29,"column":4},"end":{"line":29,"column":96}},"type":"if","locations":[{"start":{"line":29,"column":4},"end":{"line":29,"column":96}},{"start":{},"end":{}}],"line":29},"1":{"loc":{"start":{"line":31,"column":11},"end":{"line":64,"column":5}},"type":"cond-expr","locations":[{"start":{"line":31,"column":44},"end":{"line":31,"column":55}},{"start":{"line":32,"column":8},"end":{"line":63,"column":14}}],"line":31},"2":{"loc":{"start":{"line":55,"column":29},"end":{"line":59,"column":29}},"type":"cond-expr","locations":[{"start":{"line":56,"column":32},"end":{"line":56,"column":103}},{"start":{"line":58,"column":32},"end":{"line":58,"column":71}}],"line":55}},"s":{"0":1,"1":4,"2":4,"3":4,"4":4,"5":4,"6":4,"7":1,"8":4,"9":1,"10":1,"11":1,"12":1,"13":4,"14":0,"15":4,"16":1,"17":1,"18":1,"19":9,"20":1,"21":0,"22":0,"23":0,"24":18},"f":{"0":4,"1":1,"2":1,"3":1,"4":1,"5":9,"6":0,"7":0,"8":18},"b":{"0":[0,4],"1":[1,3],"2":[2,16]},"_coverageSchema":"1a1c01bbd47fc00a2c39e90264f33305004495a9","hash":"9600c448c8acb6ff7ef502e8b2a4baf9585fc8ca"}
,"/Users/naina/Desktop/React Projects/src/components/Contact.jsx": {"path":"/Users/naina/Desktop/React Projects/src/components/Contact.jsx","statementMap":{"0":{"start":{"line":1,"column":16},"end":{"line":8,"column":1}},"1":{"start":{"line":2,"column":4},"end":{"line":7,"column":5}}},"fnMap":{"0":{"name":"(anonymous_0)","decl":{"start":{"line":1,"column":16},"end":{"line":1,"column":17}},"loc":{"start":{"line":1,"column":22},"end":{"line":8,"column":1}},"line":1}},"branchMap":{},"s":{"0":1,"1":1},"f":{"0":1},"b":{},"_coverageSchema":"1a1c01bbd47fc00a2c39e90264f33305004495a9","hash":"8dec00d56c5ef1db6d59019f495c1de4aa85a0aa"}
,"/Users/naina/Desktop/React Projects/src/components/Header.jsx": {"path":"/Users/naina/Desktop/React Projects/src/components/Header.jsx","statementMap":{"0":{"start":{"line":8,"column":15},"end":{"line":33,"column":1}},"1":{"start":{"line":9,"column":36},"end":{"line":9,"column":53}},"2":{"start":{"line":10,"column":21},"end":{"line":10,"column":38}},"3":{"start":{"line":12,"column":22},"end":{"line":12,"column":62}},"4":{"start":{"line":12,"column":45},"end":{"line":12,"column":61}},"5":{"start":{"line":14,"column":4},"end":{"line":32,"column":5}},"6":{"start":{"line":27,"column":24},"end":{"line":27,"column":92}}},"fnMap":{"0":{"name":"(anonymous_0)","decl":{"start":{"line":8,"column":15},"end":{"line":8,"column":16}},"loc":{"start":{"line":8,"column":21},"end":{"line":33,"column":1}},"line":8},"1":{"name":"(anonymous_1)","decl":{"start":{"line":12,"column":34},"end":{"line":12,"column":35}},"loc":{"start":{"line":12,"column":45},"end":{"line":12,"column":61}},"line":12},"2":{"name":"(anonymous_2)","decl":{"start":{"line":26,"column":95},"end":{"line":26,"column":96}},"loc":{"start":{"line":26,"column":101},"end":{"line":28,"column":21}},"line":26}},"branchMap":{"0":{"loc":{"start":{"line":21,"column":42},"end":{"line":21,"column":79}},"type":"cond-expr","locations":[{"start":{"line":21,"column":53},"end":{"line":21,"column":64}},{"start":{"line":21,"column":67},"end":{"line":21,"column":79}}],"line":21},"1":{"loc":{"start":{"line":27,"column":24},"end":{"line":27,"column":91}},"type":"cond-expr","locations":[{"start":{"line":27,"column":47},"end":{"line":27,"column":68}},{"start":{"line":27,"column":71},"end":{"line":27,"column":91}}],"line":27}},"s":{"0":1,"1":4,"2":4,"3":4,"4":7,"5":4,"6":1},"f":{"0":4,"1":7,"2":1},"b":{"0":[4,0],"1":[1,0]},"_coverageSchema":"1a1c01bbd47fc00a2c39e90264f33305004495a9","hash":"d2bce156a0b9784e343d5ed7a9d4c0bbe4b2d418"}
,"/Users/naina/Desktop/React Projects/src/components/RestaurantCard.jsx": {"path":"/Users/naina/Desktop/React Projects/src/components/RestaurantCard.jsx","statementMap":{"0":{"start":{"line":3,"column":23},"end":{"line":18,"column":1}},"1":{"start":{"line":4,"column":24},"end":{"line":4,"column":29}},"2":{"start":{"line":5,"column":21},"end":{"line":5,"column":28}},"3":{"start":{"line":6,"column":65},"end":{"line":6,"column":69}},"4":{"start":{"line":8,"column":4},"end":{"line":17,"column":5}},"5":{"start":{"line":20,"column":31},"end":{"line":29,"column":1}},"6":{"start":{"line":21,"column":4},"end":{"line":28,"column":5}},"7":{"start":{"line":22,"column":8},"end":{"line":27,"column":9}}},"fnMap":{"0":{"name":"(anonymous_0)","decl":{"start":{"line":3,"column":23},"end":{"line":3,"column":24}},"loc":{"start":{"line":3,"column":34},"end":{"line":18,"column":1}},"line":3},"1":{"name":"(anonymous_1)","decl":{"start":{"line":20,"column":31},"end":{"line":20,"column":32}},"loc":{"start":{"line":20,"column":51},"end":{"line":29,"column":1}},"line":20},"2":{"name":"(anonymous_2)","decl":{"start":{"line":21,"column":10},"end":{"line":21,"column":11}},"loc":{"start":{"line":21,"column":21},"end":{"line":28,"column":5}},"line":21}},"branchMap":{},"s":{"0":2,"1":19,"2":19,"3":19,"4":19,"5":2,"6":4,"7":2},"f":{"0":19,"1":4,"2":2},"b":{},"_coverageSchema":"1a1c01bbd47fc00a2c39e90264f33305004495a9","hash":"3338936512f2dc1a515dd2f57d081fea1ef8d9f9"}
,"/Users/naina/Desktop/React Projects/src/utils/appStore.js": {"path":"/Users/naina/Desktop/React Projects/src/utils/appStore.js","statementMap":{"0":{"start":{"line":4,"column":17},"end":{"line":8,"column":2}}},"fnMap":{},"branchMap":{},"s":{"0":1},"f":{},"b":{},"_coverageSchema":"1a1c01bbd47fc00a2c39e90264f33305004495a9","hash":"dee3ffa558f9130c5b64447cca9670e0dbded82c"}
}
